/home/yx/yx_search/aisafety/DEFEND/comparison/AGrail4Agent-main/DAS/guardrail.py:21: LangChainDeprecationWarning: The class `HuggingFaceEmbeddings` was deprecated in LangChain 0.2.2 and will be removed in 1.0. An updated version of the class exists in the :class:`~langchain-huggingface package and should be used instead. To use it run `pip install -U :class:`~langchain-huggingface` and import as `from :class:`~langchain_huggingface import HuggingFaceEmbeddings``.
  DEFAULT_EMBEDDING = HuggingFaceEmbeddings(
Starting AGrail4Agent evaluation...
Dataset: agentharm
Data type: benign
Category: Copyright
Model: deepseek-chat
Seed: 44
Debug mode: False
Restart: False

Loaded 23 items from agentharm (benign)
  Category: Copyright
Traceback (most recent call last):
  File "/home/yx/anaconda3/envs/AGrail/lib/python3.9/site-packages/urllib3/connectionpool.py", line 787, in urlopen
    response = self._make_request(
  File "/home/yx/anaconda3/envs/AGrail/lib/python3.9/site-packages/urllib3/connectionpool.py", line 493, in _make_request
    conn.request(
  File "/home/yx/anaconda3/envs/AGrail/lib/python3.9/site-packages/urllib3/connection.py", line 445, in request
    self.endheaders()
  File "/home/yx/anaconda3/envs/AGrail/lib/python3.9/http/client.py", line 1280, in endheaders
    self._send_output(message_body, encode_chunked=encode_chunked)
  File "/home/yx/anaconda3/envs/AGrail/lib/python3.9/http/client.py", line 1040, in _send_output
    self.send(msg)
  File "/home/yx/anaconda3/envs/AGrail/lib/python3.9/http/client.py", line 980, in send
    self.connect()
  File "/home/yx/anaconda3/envs/AGrail/lib/python3.9/site-packages/docker/transport/unixconn.py", line 26, in connect
    sock.connect(self.unix_socket)
PermissionError: [Errno 13] Permission denied

During handling of the above exception, another exception occurred:

Traceback (most recent call last):
  File "/home/yx/anaconda3/envs/AGrail/lib/python3.9/site-packages/requests/adapters.py", line 667, in send
    resp = conn.urlopen(
  File "/home/yx/anaconda3/envs/AGrail/lib/python3.9/site-packages/urllib3/connectionpool.py", line 841, in urlopen
    retries = retries.increment(
  File "/home/yx/anaconda3/envs/AGrail/lib/python3.9/site-packages/urllib3/util/retry.py", line 474, in increment
    raise reraise(type(error), error, _stacktrace)
  File "/home/yx/anaconda3/envs/AGrail/lib/python3.9/site-packages/urllib3/util/util.py", line 38, in reraise
    raise value.with_traceback(tb)
  File "/home/yx/anaconda3/envs/AGrail/lib/python3.9/site-packages/urllib3/connectionpool.py", line 787, in urlopen
    response = self._make_request(
  File "/home/yx/anaconda3/envs/AGrail/lib/python3.9/site-packages/urllib3/connectionpool.py", line 493, in _make_request
    conn.request(
  File "/home/yx/anaconda3/envs/AGrail/lib/python3.9/site-packages/urllib3/connection.py", line 445, in request
    self.endheaders()
  File "/home/yx/anaconda3/envs/AGrail/lib/python3.9/http/client.py", line 1280, in endheaders
    self._send_output(message_body, encode_chunked=encode_chunked)
  File "/home/yx/anaconda3/envs/AGrail/lib/python3.9/http/client.py", line 1040, in _send_output
    self.send(msg)
  File "/home/yx/anaconda3/envs/AGrail/lib/python3.9/http/client.py", line 980, in send
    self.connect()
  File "/home/yx/anaconda3/envs/AGrail/lib/python3.9/site-packages/docker/transport/unixconn.py", line 26, in connect
    sock.connect(self.unix_socket)
urllib3.exceptions.ProtocolError: ('Connection aborted.', PermissionError(13, 'Permission denied'))

During handling of the above exception, another exception occurred:

Traceback (most recent call last):
  File "/home/yx/anaconda3/envs/AGrail/lib/python3.9/site-packages/docker/api/client.py", line 223, in _retrieve_server_version
    return self.version(api_version=False)["ApiVersion"]
  File "/home/yx/anaconda3/envs/AGrail/lib/python3.9/site-packages/docker/api/daemon.py", line 181, in version
    return self._result(self._get(url), json=True)
  File "/home/yx/anaconda3/envs/AGrail/lib/python3.9/site-packages/docker/utils/decorators.py", line 44, in inner
    return f(self, *args, **kwargs)
  File "/home/yx/anaconda3/envs/AGrail/lib/python3.9/site-packages/docker/api/client.py", line 246, in _get
    return self.get(url, **self._set_request_timeout(kwargs))
  File "/home/yx/anaconda3/envs/AGrail/lib/python3.9/site-packages/requests/sessions.py", line 602, in get
    return self.request("GET", url, **kwargs)
  File "/home/yx/anaconda3/envs/AGrail/lib/python3.9/site-packages/requests/sessions.py", line 589, in request
    resp = self.send(prep, **send_kwargs)
  File "/home/yx/anaconda3/envs/AGrail/lib/python3.9/site-packages/requests/sessions.py", line 703, in send
    r = adapter.send(request, **kwargs)
  File "/home/yx/anaconda3/envs/AGrail/lib/python3.9/site-packages/requests/adapters.py", line 682, in send
    raise ConnectionError(err, request=request)
requests.exceptions.ConnectionError: ('Connection aborted.', PermissionError(13, 'Permission denied'))

The above exception was the direct cause of the following exception:

Traceback (most recent call last):
  File "/home/yx/yx_search/aisafety/DEFEND/comparison/AGrail4Agent-main/DAS/evaluate.py", line 521, in <module>
    main()
  File "/home/yx/yx_search/aisafety/DEFEND/comparison/AGrail4Agent-main/DAS/evaluate.py", line 515, in main
    result_path = evaluate_dataset(args)
  File "/home/yx/yx_search/aisafety/DEFEND/comparison/AGrail4Agent-main/DAS/evaluate.py", line 326, in evaluate_dataset
    container = Container()
  File "/home/yx/yx_search/aisafety/DEFEND/comparison/AGrail4Agent-main/DAS/utils.py", line 278, in __init__
    self.client = docker.from_env()
  File "/home/yx/anaconda3/envs/AGrail/lib/python3.9/site-packages/docker/client.py", line 94, in from_env
    return cls(
  File "/home/yx/anaconda3/envs/AGrail/lib/python3.9/site-packages/docker/client.py", line 45, in __init__
    self.api = APIClient(*args, **kwargs)
  File "/home/yx/anaconda3/envs/AGrail/lib/python3.9/site-packages/docker/api/client.py", line 207, in __init__
    self._version = self._retrieve_server_version()
  File "/home/yx/anaconda3/envs/AGrail/lib/python3.9/site-packages/docker/api/client.py", line 230, in _retrieve_server_version
    raise DockerException(
docker.errors.DockerException: Error while fetching server API version: ('Connection aborted.', PermissionError(13, 'Permission denied'))
